<?xml version="1.0" encoding="UTF-8"?>
<testsuite xmlns:xsi="http://www.w3.org/2001/XMLSchema-instance" xsi:noNamespaceSchemaLocation="https://maven.apache.org/surefire/maven-surefire-plugin/xsd/surefire-test-report.xsd" name="uy.edu.ucu.aed2.TLineaAereaTest" time="0.077" tests="4" errors="0" skipped="0" failures="0">
  <properties>
[...]
</properties>
  <testcase name="testAeropuertosNoAccesiblesDesdeTodosGrafoVacio" classname="uy.edu.ucu.aed2.TLineaAereaTest" time="0.006"/>
  <testcase name="testAeropuertosNoAccesiblesDesdeTodosGrafoUnSoloElemento" classname="uy.edu.ucu.aed2.TLineaAereaTest" time="0"/>
  <testcase name="testAeropuertosNoAccesiblesDesdeTodosGrafoVariosElementosConAeropuertosAccesibles" classname="uy.edu.ucu.aed2.TLineaAereaTest" time="0.003"/>
  <testcase name="testAeropuertosNoAccesiblesDesdeTodosGrafoVariosElementosConAeropuertosInaccesibles" classname="uy.edu.ucu.aed2.TLineaAereaTest" time="0"/>
</testsuite>