<?xml version="1.0" encoding="UTF-8" ?>
<testsuite tests="5" failures="0" name="TArbolGenerico.TArbolGenericoTest" time="0.003" errors="0" skipped="0">
  <properties>
[...]
</properties>
  <testcase classname="TArbolGenerico.TArbolGenericoTest" name="TArbolGenerico.TArbolGenericoTest.testInsertar_TNodoArbolGenerico_Comparable" time="0.002"/>
  <testcase classname="TArbolGenerico.TArbolGenericoTest" name="TArbolGenerico.TArbolGenericoTest.testInsertar_Comparable_Comparable" time="0.001"/>
  <testcase classname="TArbolGenerico.TArbolGenericoTest" name="TArbolGenerico.TArbolGenericoTest.testListarIndentado" time="0"/>
  <testcase classname="TArbolGenerico.TArbolGenericoTest" name="TArbolGenerico.TArbolGenericoTest.testCantElementos" time="0"/>
  <testcase classname="TArbolGenerico.TArbolGenericoTest" name="TArbolGenerico.TArbolGenericoTest.testBuscar" time="0"/>
</testsuite>