<?xml version="1.0" encoding="UTF-8" ?>
<testsuite tests="18" failures="0" name="Conjunto.ConjuntoTest" time="0.025" errors="0" skipped="0">
  <properties>
[...]
</properties>
  <testcase classname="Conjunto.ConjuntoTest" name="Conjunto.ConjuntoTest.testDiferenciaSimetricaVariosElementosDisjuntos" time="0.025"/>
  <testcase classname="Conjunto.ConjuntoTest" name="Conjunto.ConjuntoTest.testDiferenciaSimetricaMismosElementos" time="0"/>
  <testcase classname="Conjunto.ConjuntoTest" name="Conjunto.ConjuntoTest.testInterseccionVariosElementosIguales" time="0"/>
  <testcase classname="Conjunto.ConjuntoTest" name="Conjunto.ConjuntoTest.testDiferenciaSimetricaVariosElementosIguales" time="0"/>
  <testcase classname="Conjunto.ConjuntoTest" name="Conjunto.ConjuntoTest.testInterseccionVariosElementosDisjuntos" time="0"/>
  <testcase classname="Conjunto.ConjuntoTest" name="Conjunto.ConjuntoTest.testUnionUnoVacio1" time="0"/>
  <testcase classname="Conjunto.ConjuntoTest" name="Conjunto.ConjuntoTest.testUnionUnoVacio2" time="0"/>
  <testcase classname="Conjunto.ConjuntoTest" name="Conjunto.ConjuntoTest.testDiferenciaSimetricaAmbosVacios" time="0"/>
  <testcase classname="Conjunto.ConjuntoTest" name="Conjunto.ConjuntoTest.testUnionAmbosVacios" time="0"/>
  <testcase classname="Conjunto.ConjuntoTest" name="Conjunto.ConjuntoTest.testInterseccionAmbosVacios" time="0"/>
  <testcase classname="Conjunto.ConjuntoTest" name="Conjunto.ConjuntoTest.testDiferenciaSimetricaUnoVacio1" time="0"/>
  <testcase classname="Conjunto.ConjuntoTest" name="Conjunto.ConjuntoTest.testUnionVariosElementosDisjuntos" time="0"/>
  <testcase classname="Conjunto.ConjuntoTest" name="Conjunto.ConjuntoTest.testDiferenciaSimetricaUnoVacio2" time="0"/>
  <testcase classname="Conjunto.ConjuntoTest" name="Conjunto.ConjuntoTest.testInterseccionUnoVacio1" time="0"/>
  <testcase classname="Conjunto.ConjuntoTest" name="Conjunto.ConjuntoTest.testUnionMismosElementos" time="0"/>
  <testcase classname="Conjunto.ConjuntoTest" name="Conjunto.ConjuntoTest.testUnionVariosElementosIguales" time="0"/>
  <testcase classname="Conjunto.ConjuntoTest" name="Conjunto.ConjuntoTest.testInterseccionUnoVacio2" time="0"/>
  <testcase classname="Conjunto.ConjuntoTest" name="Conjunto.ConjuntoTest.testInterseccionMismosElementos" time="0"/>
</testsuite>